<?xml version="1.0" encoding="UTF-8"?>
<!-- Generated by org.testng.reporters.JUnitReportReporter -->
<testsuite hostname="DESKTOP-QNHJ5Q7" name="MouseHoverActions.MouseHover" tests="1" failures="0" timestamp="2 Mar 2023 04:17:55 GMT" time="3.619" errors="0">
  <testcase name="login" time="3.619" classname="MouseHoverActions.MouseHover"/>
</testsuite> <!-- MouseHoverActions.MouseHover -->
