<?xml version="1.0" encoding="UTF-8"?>
<!-- Generated by org.testng.reporters.JUnitReportReporter -->
<testsuite hostname="DESKTOP-QNHJ5Q7" name="workflow.WorkFlowReCheck" tests="5" failures="0" timestamp="1 Mar 2023 05:15:46 GMT" time="0.000" errors="0">
  <testcase name="login" time="0.000" classname="workflow.WorkFlowReCheck"/>
  <testcase name="payment" time="0.000" classname="workflow.WorkFlowReCheck"/>
  <testcase name="addItems" time="0.000" classname="workflow.WorkFlowReCheck"/>
  <testcase name="logout" time="0.000" classname="workflow.WorkFlowReCheck"/>
  <testcase name="cancel" time="0.000" classname="workflow.WorkFlowReCheck"/>
</testsuite> <!-- workflow.WorkFlowReCheck -->
