<?xml version="1.0" encoding="UTF-8"?>
<!-- Generated by org.testng.reporters.JUnitReportReporter -->
<testsuite hostname="DESKTOP-QNHJ5Q7" name="workflow.WorkFlowTest" tests="4" failures="0" timestamp="1 Mar 2023 05:00:34 GMT" time="0.016" errors="0">
  <testcase name="addItems" time="0.000" classname="workflow.WorkFlowTest"/>
  <testcase name="login" time="0.000" classname="workflow.WorkFlowTest"/>
  <testcase name="logout" time="0.016" classname="workflow.WorkFlowTest"/>
  <testcase name="payment" time="0.000" classname="workflow.WorkFlowTest"/>
</testsuite> <!-- workflow.WorkFlowTest -->
