<?xml version="1.0" encoding="UTF-8"?>
<!-- Generated by org.testng.reporters.JUnitReportReporter -->
<testsuite hostname="DESKTOP-QNHJ5Q7" name="screenshotExample.AmazonExample" tests="1" failures="0" timestamp="27 Feb 2023 05:09:50 GMT" time="7.379" errors="0">
  <testcase name="serachItems" time="7.379" classname="screenshotExample.AmazonExample"/>
</testsuite> <!-- screenshotExample.AmazonExample -->
