<?xml version="1.0" encoding="UTF-8"?>
<!-- Generated by org.testng.reporters.JUnitReportReporter -->
<testsuite hostname="DESKTOP-QNHJ5Q7" name="MouseHoverActions.DragDropExample" tests="1" failures="0" timestamp="2 Mar 2023 05:05:20 GMT" time="0.420" errors="0">
  <testcase name="dragDropTest" time="0.420" classname="MouseHoverActions.DragDropExample"/>
</testsuite> <!-- MouseHoverActions.DragDropExample -->
