<?xml version="1.0" encoding="UTF-8"?>
<!-- Generated by org.testng.reporters.JUnitReportReporter -->
<testsuite skipped="0" hostname="DESKTOP-QNHJ5Q7" name="MouseHoverActions.RightClickDoubleClick" tests="2" failures="0" timestamp="2023-03-12T20:48:32 PDT" time="13.090" errors="0">
  <testcase name="doubleLCickTest" time="10.770" classname="MouseHoverActions.RightClickDoubleClick"/>
  <testcase name="rightLCickTest" time="2.320" classname="MouseHoverActions.RightClickDoubleClick"/>
</testsuite> <!-- MouseHoverActions.RightClickDoubleClick -->
